*** Starting uWSGI 2.0.18 (64bit) on [Fri May  1 03:58:23 2020] ***
compiled with version: 5.4.0 20160609 on 30 April 2020 19:50:22
os: Linux-4.4.0-176-generic #206-Ubuntu SMP Fri Feb 28 05:02:04 UTC 2020
nodename: iZbp12g6ylepiynnfgu69xZ
machine: x86_64
clock source: unix
detected number of CPU cores: 1
current working directory: /home/Restful
detected binary path: /usr/local/bin/uwsgi
!!! no internal routing support, rebuild with pcre support !!!
uWSGI running as root, you can use --uid/--gid/--chroot options
*** WARNING: you are running uWSGI as root !!! (use the --uid flag) *** 
chdir() to /home/Restful/
your processes number limit is 7844
your memory page size is 4096 bytes
detected max file descriptor number: 65535
lock engine: pthread robust mutexes
thunder lock: disabled (you can enable it with --thunder-lock)
uwsgi socket 0 bound to TCP address 0.0.0.0:80 fd 3
uWSGI running as root, you can use --uid/--gid/--chroot options
*** WARNING: you are running uWSGI as root !!! (use the --uid flag) *** 
Python version: 3.5.2 (default, Apr 16 2020, 17:47:17)  [GCC 5.4.0 20160609]
Python main interpreter initialized at 0x210f0a0
uWSGI running as root, you can use --uid/--gid/--chroot options
*** WARNING: you are running uWSGI as root !!! (use the --uid flag) *** 
python threads support enabled
your server socket listen backlog is limited to 100 connections
your mercy for graceful operations on workers is 60 seconds
mapped 166688 bytes (162 KB) for 2 cores
*** Operational MODE: threaded ***
WSGI app 0 (mountpoint='') ready in 1 seconds on interpreter 0x210f0a0 pid: 5810 (default app)
uWSGI running as root, you can use --uid/--gid/--chroot options
*** WARNING: you are running uWSGI as root !!! (use the --uid flag) *** 
*** uWSGI is running in multiple interpreter mode ***
spawned uWSGI master process (pid: 5810)
spawned uWSGI worker 1 (pid: 5812, cores: 2)
*** Stats server enabled on 127.0.0.1:9191 fd: 9 ***
unable to stat() /home/microblogpw/, events will be triggered as soon as the file is created
invalid request block size: 21573 (max 4096)...skip
invalid request block size: 21573 (max 4096)...skip
Fri May  1 03:59:30 2020 - uWSGI worker 1 screams: UAAAAAAH my master disconnected: i will kill myself !!!
Fri May  1 03:59:30 2020 - uWSGI worker 1 screams: UAAAAAAH my master disconnected: i will kill myself !!!
*** Starting uWSGI 2.0.18 (64bit) on [Fri May  1 04:01:03 2020] ***
compiled with version: 5.4.0 20160609 on 30 April 2020 19:50:22
os: Linux-4.4.0-176-generic #206-Ubuntu SMP Fri Feb 28 05:02:04 UTC 2020
nodename: iZbp12g6ylepiynnfgu69xZ
machine: x86_64
clock source: unix
detected number of CPU cores: 1
current working directory: /home/Restful
detected binary path: /usr/local/bin/uwsgi
!!! no internal routing support, rebuild with pcre support !!!
uWSGI running as root, you can use --uid/--gid/--chroot options
*** WARNING: you are running uWSGI as root !!! (use the --uid flag) *** 
chdir() to /home/Restful/
your processes number limit is 7844
your memory page size is 4096 bytes
detected max file descriptor number: 65535
lock engine: pthread robust mutexes
thunder lock: disabled (you can enable it with --thunder-lock)
uwsgi socket 0 bound to TCP address 0.0.0.0:80 fd 3
uWSGI running as root, you can use --uid/--gid/--chroot options
*** WARNING: you are running uWSGI as root !!! (use the --uid flag) *** 
Python version: 3.5.2 (default, Apr 16 2020, 17:47:17)  [GCC 5.4.0 20160609]
Python main interpreter initialized at 0x19bf0a0
uWSGI running as root, you can use --uid/--gid/--chroot options
*** WARNING: you are running uWSGI as root !!! (use the --uid flag) *** 
python threads support enabled
your server socket listen backlog is limited to 100 connections
your mercy for graceful operations on workers is 60 seconds
mapped 166688 bytes (162 KB) for 2 cores
*** Operational MODE: threaded ***
WSGI app 0 (mountpoint='') ready in 2 seconds on interpreter 0x19bf0a0 pid: 5818 (default app)
uWSGI running as root, you can use --uid/--gid/--chroot options
*** WARNING: you are running uWSGI as root !!! (use the --uid flag) *** 
*** uWSGI is running in multiple interpreter mode ***
spawned uWSGI master process (pid: 5818)
spawned uWSGI worker 1 (pid: 5820, cores: 2)
*** Stats server enabled on 127.0.0.1:9191 fd: 9 ***
unable to stat() /home/microblogpw/, events will be triggered as soon as the file is created
invalid request block size: 21573 (max 4096)...skip
Fri May  1 04:02:02 2020 - uWSGI worker 1 screams: UAAAAAAH my master disconnected: i will kill myself !!!
Fri May  1 04:02:02 2020 - uWSGI worker 1 screams: UAAAAAAH my master disconnected: i will kill myself !!!
*** Starting uWSGI 2.0.18 (64bit) on [Fri May  1 04:04:15 2020] ***
compiled with version: 5.4.0 20160609 on 30 April 2020 19:50:22
os: Linux-4.4.0-176-generic #206-Ubuntu SMP Fri Feb 28 05:02:04 UTC 2020
nodename: iZbp12g6ylepiynnfgu69xZ
machine: x86_64
clock source: unix
detected number of CPU cores: 1
current working directory: /home/Restful
detected binary path: /usr/local/bin/uwsgi
!!! no internal routing support, rebuild with pcre support !!!
uWSGI running as root, you can use --uid/--gid/--chroot options
*** WARNING: you are running uWSGI as root !!! (use the --uid flag) *** 
chdir() to /home/Restful/
your processes number limit is 7844
your memory page size is 4096 bytes
detected max file descriptor number: 65535
lock engine: pthread robust mutexes
thunder lock: disabled (you can enable it with --thunder-lock)
bind(): Cannot assign requested address [core/socket.c line 769]
*** Starting uWSGI 2.0.18 (64bit) on [Fri May  1 04:07:24 2020] ***
compiled with version: 5.4.0 20160609 on 30 April 2020 19:50:22
os: Linux-4.4.0-176-generic #206-Ubuntu SMP Fri Feb 28 05:02:04 UTC 2020
nodename: iZbp12g6ylepiynnfgu69xZ
machine: x86_64
clock source: unix
detected number of CPU cores: 1
current working directory: /home/Restful
detected binary path: /usr/local/bin/uwsgi
!!! no internal routing support, rebuild with pcre support !!!
uWSGI running as root, you can use --uid/--gid/--chroot options
*** WARNING: you are running uWSGI as root !!! (use the --uid flag) *** 
chdir() to /home/Restful/
your processes number limit is 7844
your memory page size is 4096 bytes
detected max file descriptor number: 65535
lock engine: pthread robust mutexes
thunder lock: disabled (you can enable it with --thunder-lock)
uwsgi socket 0 bound to TCP address 0.0.0.0:80 fd 3
uWSGI running as root, you can use --uid/--gid/--chroot options
*** WARNING: you are running uWSGI as root !!! (use the --uid flag) *** 
Python version: 3.5.2 (default, Apr 16 2020, 17:47:17)  [GCC 5.4.0 20160609]
Python main interpreter initialized at 0x22a00d0
uWSGI running as root, you can use --uid/--gid/--chroot options
*** WARNING: you are running uWSGI as root !!! (use the --uid flag) *** 
python threads support enabled
your server socket listen backlog is limited to 100 connections
your mercy for graceful operations on workers is 60 seconds
mapped 166688 bytes (162 KB) for 2 cores
*** Operational MODE: threaded ***
WSGI app 0 (mountpoint='') ready in 1 seconds on interpreter 0x22a00d0 pid: 5843 (default app)
uWSGI running as root, you can use --uid/--gid/--chroot options
*** WARNING: you are running uWSGI as root !!! (use the --uid flag) *** 
*** uWSGI is running in multiple interpreter mode ***
spawned uWSGI master process (pid: 5843)
spawned uWSGI worker 1 (pid: 5845, cores: 2)
*** Stats server enabled on 127.0.0.1:9191 fd: 9 ***
invalid request block size: 21573 (max 4096)...skip
invalid request block size: 21573 (max 4096)...skip
Fri May  1 04:07:52 2020 - *** /home/Restful/ has been touched... grace them all !!! ***
...gracefully killing workers...
Gracefully killing worker 1 (pid: 5845)...
worker 1 buried after 1 seconds
binary reloading uWSGI...
chdir() to /home/Restful
closing all non-uwsgi socket fds > 2 (max_fd = 65535)...
found fd 3 mapped to socket 0 (0.0.0.0:80)
running /usr/local/bin/uwsgi
[uWSGI] getting INI configuration from /home/Restful/uconfig.ini
*** Starting uWSGI 2.0.18 (64bit) on [Fri May  1 04:07:53 2020] ***
compiled with version: 5.4.0 20160609 on 30 April 2020 19:50:22
os: Linux-4.4.0-176-generic #206-Ubuntu SMP Fri Feb 28 05:02:04 UTC 2020
nodename: iZbp12g6ylepiynnfgu69xZ
machine: x86_64
clock source: unix
detected number of CPU cores: 1
current working directory: /home/Restful
detected binary path: /usr/local/bin/uwsgi
!!! no internal routing support, rebuild with pcre support !!!
uWSGI running as root, you can use --uid/--gid/--chroot options
*** WARNING: you are running uWSGI as root !!! (use the --uid flag) *** 
chdir() to /home/Restful/
your processes number limit is 7844
your memory page size is 4096 bytes
detected max file descriptor number: 65535
lock engine: pthread robust mutexes
thunder lock: disabled (you can enable it with --thunder-lock)
uwsgi socket 0 inherited INET address 0.0.0.0:80 fd 3
uWSGI running as root, you can use --uid/--gid/--chroot options
*** WARNING: you are running uWSGI as root !!! (use the --uid flag) *** 
Python version: 3.5.2 (default, Apr 16 2020, 17:47:17)  [GCC 5.4.0 20160609]
Python main interpreter initialized at 0x2534bc0
uWSGI running as root, you can use --uid/--gid/--chroot options
*** WARNING: you are running uWSGI as root !!! (use the --uid flag) *** 
python threads support enabled
your server socket listen backlog is limited to 100 connections
your mercy for graceful operations on workers is 60 seconds
mapped 166688 bytes (162 KB) for 2 cores
*** Operational MODE: threaded ***
WSGI app 0 (mountpoint='') ready in 2 seconds on interpreter 0x2534bc0 pid: 5843 (default app)
uWSGI running as root, you can use --uid/--gid/--chroot options
*** WARNING: you are running uWSGI as root !!! (use the --uid flag) *** 
*** uWSGI is running in multiple interpreter mode ***
gracefully (RE)spawned uWSGI master process (pid: 5843)
spawned uWSGI worker 1 (pid: 5861, cores: 2)
*** Stats server enabled on 127.0.0.1:9191 fd: 9 ***
Fri May  1 04:08:38 2020 - *** /home/Restful/ has been touched... grace them all !!! ***
...gracefully killing workers...
Gracefully killing worker 1 (pid: 5861)...
worker 1 buried after 1 seconds
binary reloading uWSGI...
chdir() to /home/Restful
closing all non-uwsgi socket fds > 2 (max_fd = 65535)...
found fd 3 mapped to socket 0 (0.0.0.0:80)
running /usr/local/bin/uwsgi
[uWSGI] getting INI configuration from /home/Restful/uconfig.ini
*** Starting uWSGI 2.0.18 (64bit) on [Fri May  1 04:08:39 2020] ***
compiled with version: 5.4.0 20160609 on 30 April 2020 19:50:22
os: Linux-4.4.0-176-generic #206-Ubuntu SMP Fri Feb 28 05:02:04 UTC 2020
nodename: iZbp12g6ylepiynnfgu69xZ
machine: x86_64
clock source: unix
detected number of CPU cores: 1
current working directory: /home/Restful
detected binary path: /usr/local/bin/uwsgi
!!! no internal routing support, rebuild with pcre support !!!
uWSGI running as root, you can use --uid/--gid/--chroot options
*** WARNING: you are running uWSGI as root !!! (use the --uid flag) *** 
chdir() to /home/Restful/
your processes number limit is 7844
your memory page size is 4096 bytes
detected max file descriptor number: 65535
lock engine: pthread robust mutexes
thunder lock: disabled (you can enable it with --thunder-lock)
uwsgi socket 0 inherited INET address 0.0.0.0:80 fd 3
uWSGI running as root, you can use --uid/--gid/--chroot options
*** WARNING: you are running uWSGI as root !!! (use the --uid flag) *** 
Python version: 3.5.2 (default, Apr 16 2020, 17:47:17)  [GCC 5.4.0 20160609]
Python main interpreter initialized at 0xf3cbc0
uWSGI running as root, you can use --uid/--gid/--chroot options
*** WARNING: you are running uWSGI as root !!! (use the --uid flag) *** 
python threads support enabled
your server socket listen backlog is limited to 100 connections
your mercy for graceful operations on workers is 60 seconds
mapped 166688 bytes (162 KB) for 2 cores
*** Operational MODE: threaded ***
WSGI app 0 (mountpoint='') ready in 1 seconds on interpreter 0xf3cbc0 pid: 5843 (default app)
uWSGI running as root, you can use --uid/--gid/--chroot options
*** WARNING: you are running uWSGI as root !!! (use the --uid flag) *** 
*** uWSGI is running in multiple interpreter mode ***
gracefully (RE)spawned uWSGI master process (pid: 5843)
spawned uWSGI worker 1 (pid: 5864, cores: 2)
*** Stats server enabled on 127.0.0.1:9191 fd: 9 ***
invalid request block size: 21573 (max 4096)...skip
Fri May  1 04:08:53 2020 - uWSGI worker 1 screams: UAAAAAAH my master disconnected: i will kill myself !!!
Fri May  1 04:08:53 2020 - uWSGI worker 1 screams: UAAAAAAH my master disconnected: i will kill myself !!!
